****** transient analysis tnom=  25.000 temp=  25.000 ******
 tr1=     6.1062534n  targ=  48.1333795n   trig=  42.0271261n
 tr2=     5.3955090n  targ=  65.6162856n   trig=  60.2207767n
 tr3=     5.1632237n  targ=  81.5484133n   trig=  76.3851896n
 tr4=     4.7191275n  targ= 100.8798726n   trig=  96.1607451n
 tr5=     4.1311519n  targ= 122.5862892n   trig= 118.4551374n
 tr6=     4.1394842n  targ= 139.1346790n   trig= 134.9951948n
 tr7=     3.8696257n  targ= 158.5281128n   trig= 154.6584871n
 tr8=     3.5600212n  targ= 180.3288874n   trig= 176.7688662n
 tr9=     3.4885720n  targ= 197.7716065n   trig= 194.2830345n
 tr10=    3.3246047n  targ= 217.7852123n   trig= 214.4606077n
 tr11=    3.1662476n  targ= 236.8980332n   trig= 233.7317856n
 tr12=    3.0850226n  targ= 258.5838939n   trig= 255.4988712n
 tr13=    2.9676817n  targ= 276.4382808n   trig= 273.4705991n
 tr14=    2.8534993n  targ= 296.5656491n   trig= 293.7121498n
 tr15=    2.8057554n  targ= 316.2371738n   trig= 313.4314185n
 tr16=    2.7209464n  targ= 338.0906136n   trig= 335.3696672n
 tr17=    2.6425137n  targ= 356.6047072n   trig= 353.9621935n
 tr18=    2.5927936n  targ= 377.3831058n   trig= 374.7903122n
 tr19=    2.5255052n  targ= 395.1076498n   trig= 392.5821446n
 tr20=    2.4583799n  targ= 417.3603046n   trig= 414.9019247n
 tr21=    2.4194586n  targ= 436.7916316n   trig= 434.3721729n
 tr22=    2.3666415n  targ= 455.7877235n   trig= 453.4210820n
 tr23=    2.3221867n  targ= 476.7176656n   trig= 474.3954789n
 tr24=    2.2794755n  targ= 495.0315990n   trig= 492.7521235n
 tr25=    2.2391499n  targ= 515.2852989n   trig= 513.0461490n
 tr26=    2.1950463n  targ= 535.1713454n   trig= 532.9762991n
 tr27=    2.1709009n  targ= 554.7978161n   trig= 552.6269152n
 tr28=    2.1335353n  targ= 576.2182852n   trig= 574.0847498n
 tr29=    2.0946951n  targ= 595.1434872n   trig= 593.0487920n
 tr30=    2.0766381n  targ= 615.9593824n   trig= 613.8827443n
 tr31=    2.0373429n  targ= 634.3970769n   trig= 632.3597339n
 tr32=    2.0051329n  targ= 654.5883989n   trig= 652.5832660n
 tr33=    1.9962722n  targ= 674.5920826n   trig= 672.5958104n
 tr34=    1.9618548n  targ= 694.2957571n   trig= 692.3339024n
 tr35=    1.9365499n  targ= 715.6591545n   trig= 713.7226046n
 tr36=    1.9196685n  targ= 734.9156024n   trig= 732.9959339n
 tr37=    1.9070221n  targ= 753.9381859n   trig= 752.0311638n
 tr38=    1.8715107n  targ= 774.5866591n   trig= 772.7151483n
 tr39=    1.8606751n  targ= 795.0557554n   trig= 793.1950803n
 tr40=    1.8315671n  targ= 815.3106259n   trig= 813.4790588n
 tr41=    1.8091702n  targ= 835.2600927n   trig= 833.4509225n
 tr42=    1.8072187n  targ= 855.1048961n   trig= 853.2976774n
 tr43=    1.7734115n  targ= 874.6814983n   trig= 872.9080868n
 tr44=    1.7608548n  targ= 894.0810823n   trig= 892.3202274n
 tr45=    1.7406016n  targ= 915.0753693n   trig= 913.3347677n
 tr46=    1.7232502n  targ= 934.1033989n   trig= 932.3801487n
 tr47=    1.7089192n  targ= 954.6545721n   trig= 952.9456529n
 tr48=    1.7124639n  targ= 975.0968842n   trig= 973.3844203n
 tr49=    1.6790666n  targ= 993.6697323n   trig= 991.9906657n
 tr50=    1.6623660n  targ=   1.0137362u   trig=   1.0120738u
 tr51=    1.6557108n  targ=   1.0336641u   trig=   1.0320084u
 tr52=    1.6332347n  targ=   1.0533934u   trig=   1.0517602u
 tr53=    1.6213697n  targ=   1.0745575u   trig=   1.0729361u
 tr54=    1.6156223n  targ=   1.0940066u   trig=   1.0923910u
 tr55=    1.5969460n  targ=   1.1132849u   trig=   1.1116880u
 tr56=    1.5842112n  targ=   1.1339850u   trig=   1.1324008u
 tr57=    1.5888467n  targ=   1.1545564u   trig=   1.1529675u
 tr58=    1.5745205n  targ=   1.1734359u   trig=   1.1718614u
 tr59=    1.5528041n  targ=   1.1937471u   trig=   1.1921943u
 tr60=    1.5562550n  targ=   1.2139495u   trig=   1.2123933u
 tr61=    1.5246748n  targ=   1.2339319u   trig=   1.2324072u
 tr62=    1.5241206n  targ=   1.2537776u   trig=   1.2522534u
 tr63=    1.5198534n  targ=   1.2735482u   trig=   1.2720284u
 tr64=    1.5007739n  targ=   1.2931262u   trig=   1.2916255u
 tr65=    1.4875124n  targ=   1.3140900u   trig=   1.3126024u
 tr66=    1.4856605n  targ=   1.3334748u   trig=   1.3319891u
 tr67=    1.4807960n  targ=   1.3541967u   trig=   1.3527159u
 tr68=    1.4623033n  targ=   1.3733256u   trig=   1.3718633u
 tr69=    1.4668095n  targ=   1.3938272u   trig=   1.3923604u
 tr70=    1.4443298n  targ=   1.4141542u   trig=   1.4127099u
 tr71=    1.4448009n  targ=   1.4329185u   trig=   1.4314737u
 tr72=    1.4352527n  targ=   1.4530311u   trig=   1.4515959u
 tr73=    1.4243087n  targ=   1.4730100u   trig=   1.4715857u
 tr74=    1.4206214n  targ=   1.4929023u   trig=   1.4914817u
 tr75=    1.4211717n  targ=   1.5141049u   trig=   1.5126837u
 tr76=    1.3968375n  targ=   1.5337575u   trig=   1.5323607u
 tr77=    1.4028558n  targ=   1.5533250u   trig=   1.5519222u
 tr78=    1.3924142n  targ=   1.5728460u   trig=   1.5714536u
 tr79=    1.3821938n  targ=   1.5935978u   trig=   1.5922156u
 tr80=    1.3638046n  targ=   1.6128732u   trig=   1.6115094u
 tr81=    1.3711607n  targ=   1.6334520u   trig=   1.6320808u
 tr82=    1.3591680n  targ=   1.6538826u   trig=   1.6525234u
 tr83=    1.3536322n  targ=   1.6728214u   trig=   1.6714677u
 tr84=    1.3463014n  targ=   1.6930717u   trig=   1.6917254u
 tr85=    1.3401623n  targ=   1.7132244u   trig=   1.7118843u
 tr86=    1.3288221n  targ=   1.7332705u   trig=   1.7319417u
 tr87=    1.3278259n  targ=   1.7532321u   trig=   1.7519043u
 tr88=    1.3205205n  targ=   1.7731101u   trig=   1.7717896u
 tr89=    1.3052290n  targ=   1.7928926u   trig=   1.7915873u
 tr90=    1.3154402n  targ=   1.8126368u   trig=   1.8113214u
 tr91=    1.3035559n  targ=   1.8335573u   trig=   1.8322538u
 tr92=    1.2996977n  targ=   1.8530890u   trig=   1.8517893u
 tr93=    1.2976568n  targ=   1.8738956u   trig=   1.8725979u
 tr94=    1.2909153n  targ=   1.8932797u   trig=   1.8919888u
 tr95=    1.2835411n  targ=   1.9125828u   trig=   1.9112993u
 tr96=    1.2777767n  targ=   1.9330570u   trig=   1.9317792u
 tr97=    1.2741568n  targ=   1.9534725u   trig=   1.9521983u
 tr98=    1.2682275n  targ=   1.9737598u   trig=   1.9724915u
 tr99=    1.2636091n  targ=   1.9927315u   trig=   1.9914678u
 tr100=   1.2642267n  targ=   2.0128928u   trig=   2.0116286u
 tr101=   1.2529379n  targ=   2.0329503u   trig=   2.0316973u
 tr102=   1.2549338n  targ=   2.0529759u   trig=   2.0517210u
 tr103=   1.2449134n  targ=   2.0729251u   trig=   2.0716802u
 tr104=   1.2303163n  targ=   2.0927716u   trig=   2.0915413u
 tr105=   1.2404158n  targ=   2.1125653u   trig=   2.1113249u
 tr106=   1.2324884n  targ=   2.1335181u   trig=   2.1322856u
 tr107=   1.2253863n  targ=   2.1531609u   trig=   2.1519355u
 tr108=   1.2275535n  targ=   2.1727366u   trig=   2.1715091u
 tr109=   1.2176610n  targ=   2.1934794u   trig=   2.1922617u
 tr110=   1.2099702n  targ=   2.2128637u   trig=   2.2116537u
 tr111=   1.2131180n  targ=   2.2334669u   trig=   2.2322538u
 tr112=   1.2052635n  targ=   2.2528054u   trig=   2.2516001u
 tr113=   1.1940744n  targ=   2.2732326u   trig=   2.2720385u
 tr114=   1.1908454n  targ=   2.2924442u   trig=   2.2912533u
 tr115=   1.1940235n  targ=   2.3127968u   trig=   2.3116027u
 tr116=   1.1924686n  targ=   2.3330711u   trig=   2.3318786u
 tr117=   1.1892748n  targ=   2.3532809u   trig=   2.3520916u
 tr118=   1.1842456n  targ=   2.3734312u   trig=   2.3722469u
 tr119=   1.1792967n  targ=   2.3934976u   trig=   2.3923183u
 tr120=   1.1832051n  targ=   2.4135199u   trig=   2.4123367u
 tr121=   1.1744867n  targ=   2.4334400u   trig=   2.4322655u
 tr122=   1.1787545n  targ=   2.4533552u   trig=   2.4521765u
 tr123=   1.1585843n  targ=   2.4731869u   trig=   2.4720283u
 tr124=   1.1590522n  targ=   2.4929630u   trig=   2.4918039u
 tr125=   1.1573797n  targ=   2.5126885u   trig=   2.5115311u
 tr126=   1.1558123n  targ=   2.5323844u   trig=   2.5312286u
 tr127=   1.1469785n  targ=   2.5531320u   trig=   2.5519850u
 tr128=   1.1525527n  targ=   2.5726755u   trig=   2.5715229u
 tr129=   1.1480410n  targ=   2.5933498u   trig=   2.5922017u
 tr130=   1.1425545n  targ=   2.6128646u   trig=   2.6117221u